2019-07-30T15:15:39.822711Z 0 [Warning] TIMESTAMP with implicit DEFAULT value is deprecated. Please use --explicit_defaults_for_timestamp server option (see documentation for more details).
2019-07-30T15:15:41.175415Z 0 [Note] /usr/sbin/mysqld (mysqld 5.7.23) starting as process 22 ...
2019-07-30T15:15:47.849161Z 0 [Note] InnoDB: PUNCH HOLE support available
2019-07-30T15:15:47.849391Z 0 [Note] InnoDB: Mutexes and rw_locks use GCC atomic builtins
2019-07-30T15:15:47.849619Z 0 [Note] InnoDB: Uses event mutexes
2019-07-30T15:15:47.849797Z 0 [Note] InnoDB: GCC builtin __atomic_thread_fence() is used for memory barrier
2019-07-30T15:15:47.849916Z 0 [Note] InnoDB: Compressed tables use zlib 1.2.3
2019-07-30T15:15:47.850051Z 0 [Note] InnoDB: Using Linux native AIO
2019-07-30T15:15:48.101928Z 0 [Note] InnoDB: Number of pools: 1
2019-07-30T15:15:48.671118Z 0 [Note] InnoDB: Using CPU crc32 instructions
2019-07-30T15:15:49.022369Z 0 [Note] InnoDB: Initializing buffer pool, total size = 32M, instances = 1, chunk size = 32M
2019-07-30T15:15:49.312038Z 0 [Note] InnoDB: Completed initialization of buffer pool
2019-07-30T15:15:49.435661Z 0 [Note] InnoDB: If the mysqld execution user is authorized, page cleaner thread priority can be changed. See the man page of setpriority().
2019-07-30T15:15:50.395299Z 0 [Note] InnoDB: Highest supported file format is Barracuda.
2019-07-30T15:15:50.977962Z 0 [Note] InnoDB: Log scan progressed past the checkpoint lsn 2588963
2019-07-30T15:15:50.978188Z 0 [Note] InnoDB: Doing recovery: scanned up to log sequence number 2591784
2019-07-30T15:15:51.307565Z 0 [Note] InnoDB: Database was not shutdown normally!
2019-07-30T15:15:51.307790Z 0 [Note] InnoDB: Starting crash recovery.
2019-07-30T15:16:02.720706Z 0 [Note] InnoDB: Starting an apply batch of log records to the database...
InnoDB: Progress in percent: 27 28 29 30 31 32 33 34 35 36 37 38 39 40 41 42 43 44 45 46 47 48 49 50 51 52 53 54 55 56 57 58 59 60 61 62 63 64 65 66 67 68 69 70 71 72 73 74 75 76 77 78 79 80 81 82 83 84 85 86 87 88 89 90 91 92 93 94 95 96 97 98 99 
2019-07-30T15:16:03.301551Z 0 [Note] InnoDB: Apply batch completed
2019-07-30T15:16:06.555258Z 0 [Note] InnoDB: Removed temporary tablespace data file: "ibtmp1"
2019-07-30T15:16:06.557317Z 0 [Note] InnoDB: Creating shared tablespace for temporary tables
2019-07-30T15:16:06.557676Z 0 [Note] InnoDB: Setting file './ibtmp1' size to 12 MB. Physically writing the file full; Please wait ...
2019-07-30T15:16:06.611418Z 0 [Note] InnoDB: File './ibtmp1' size is now 12 MB.
2019-07-30T15:16:06.612884Z 0 [Note] InnoDB: 96 redo rollback segment(s) found. 96 redo rollback segment(s) are active.
2019-07-30T15:16:06.613226Z 0 [Note] InnoDB: 32 non-redo rollback segment(s) are active.
2019-07-30T15:16:06.616066Z 0 [Note] InnoDB: Waiting for purge to start
2019-07-30T15:16:06.667299Z 0 [Note] InnoDB: page_cleaner: 1000ms intended loop took 17232ms. The settings might not be optimal. (flushed=0 and evicted=0, during the time.)
2019-07-30T15:16:06.667404Z 0 [Note] InnoDB: 5.7.23 started; log sequence number 2591784
2019-07-30T15:16:06.672805Z 0 [Note] InnoDB: Loading buffer pool(s) from /var/lib/mysql/ib_buffer_pool
2019-07-30T15:16:06.722953Z 0 [Note] Plugin 'FEDERATED' is disabled.
2019-07-30T15:16:07.234118Z 0 [Note] InnoDB: Buffer pool(s) load completed at 190730 15:16:07
2019-07-30T15:16:07.260996Z 0 [Warning] Failed to set up SSL because of the following SSL library error: SSL context is not usable without certificate and private key
2019-07-30T15:16:07.261426Z 0 [Note] Server hostname (bind-address): '*'; port: 3306
2019-07-30T15:16:07.261929Z 0 [Note] IPv6 is available.
2019-07-30T15:16:07.315790Z 0 [Note]   - '::' resolves to '::';
2019-07-30T15:16:07.316261Z 0 [Note] Server socket created on IP: '::'.
2019-07-30T15:16:07.421365Z 0 [Warning] Insecure configuration for --pid-file: Location '/var/run/mysqld' in the path is accessible to all OS users. Consider choosing a different directory.
2019-07-30T15:16:07.678122Z 0 [ERROR] /usr/sbin/mysqld: Table './mysql/user' is marked as crashed and should be repaired
2019-07-30T15:16:07.712374Z 0 [Warning] Checking table:   './mysql/user'
2019-07-30T15:16:07.712628Z 0 [ERROR] 1 client is using or hasn't closed the table properly
2019-07-30T15:16:08.002257Z 0 [Warning] 'user' entry 'root@localhost' ignored in --skip-name-resolve mode.
2019-07-30T15:16:08.002539Z 0 [Warning] 'user' entry 'mysql.session@localhost' ignored in --skip-name-resolve mode.
2019-07-30T15:16:08.002734Z 0 [Warning] 'user' entry 'mysql.sys@localhost' ignored in --skip-name-resolve mode.
2019-07-30T15:16:08.049989Z 0 [Warning] 'db' entry 'performance_schema mysql.session@localhost' ignored in --skip-name-resolve mode.
2019-07-30T15:16:08.050308Z 0 [Warning] 'db' entry 'sys mysql.sys@localhost' ignored in --skip-name-resolve mode.
2019-07-30T15:16:08.112674Z 0 [Warning] 'proxies_priv' entry '@ root@localhost' ignored in --skip-name-resolve mode.
2019-07-30T15:16:08.223905Z 0 [Warning] 'tables_priv' entry 'user mysql.session@localhost' ignored in --skip-name-resolve mode.
2019-07-30T15:16:08.224302Z 0 [Warning] 'tables_priv' entry 'sys_config mysql.sys@localhost' ignored in --skip-name-resolve mode.
2019-07-30T15:16:09.219592Z 0 [Note] Event Scheduler: Loaded 0 events
2019-07-30T15:16:09.220099Z 0 [Note] /usr/sbin/mysqld: ready for connections.
Version: '5.7.23'  socket: '/var/run/mysqld/mysqld.sock'  port: 3306  MySQL Community Server (GPL)
2019-07-30T15:16:48.020767Z 4 [ERROR] /usr/sbin/mysqld: Table './mysql/proc' is marked as crashed and should be repaired
2019-07-30T15:16:48.021176Z 4 [Warning] Checking table:   './mysql/proc'
2019-07-30T15:16:48.470667Z 6 [Warning] 'user' entry 'root@localhost' ignored in --skip-name-resolve mode.
2019-07-30T15:16:48.470902Z 6 [Warning] 'user' entry 'mysql.session@localhost' ignored in --skip-name-resolve mode.
2019-07-30T15:16:48.471205Z 6 [Warning] 'user' entry 'mysql.sys@localhost' ignored in --skip-name-resolve mode.
2019-07-30T15:16:48.471389Z 6 [Warning] 'db' entry 'performance_schema mysql.session@localhost' ignored in --skip-name-resolve mode.
2019-07-30T15:16:48.471503Z 6 [Warning] 'db' entry 'sys mysql.sys@localhost' ignored in --skip-name-resolve mode.
2019-07-30T15:16:48.471624Z 6 [Warning] 'proxies_priv' entry '@ root@localhost' ignored in --skip-name-resolve mode.
2019-07-30T15:16:48.471947Z 6 [Warning] 'tables_priv' entry 'user mysql.session@localhost' ignored in --skip-name-resolve mode.
2019-07-30T15:16:48.472068Z 6 [Warning] 'tables_priv' entry 'sys_config mysql.sys@localhost' ignored in --skip-name-resolve mode.
